<?xml version="1.0" encoding="UTF-8"?>
<!-- Generated by org.testng.reporters.JUnitXMLReporter -->
<testsuite ignored="0" hostname="DESKTOP-V8TS46C" failures="0" tests="2" name="Sanity_Test(failed)(failed)" time="0.125" errors="0" timestamp="2022-07-20T00:43:14 IST">
  <testcase classname="com.mystore.testcases.HomePageTest" name="@BeforeMethod setUp" time="-1.658257994248E9">
    <failure type="org.testng.TestNGException" message="
Parameter &amp;apos;browser&amp;apos; is required by BeforeMethod on method setUp but has not been marked @Optional or defined
in C:\workspace\MyStoreProject\test-output\testng-failed.xml">
      <![CDATA[org.testng.TestNGException: 
Parameter 'browser' is required by BeforeMethod on method setUp but has not been marked @Optional or defined
in C:\workspace\MyStoreProject\test-output\testng-failed.xml
at java.base/java.util.ArrayList.forEach(ArrayList.java:1511)
... Removed 28 stack frames]]>
    </failure>
  </testcase> <!-- @BeforeMethod setUp -->
  <testcase classname="com.mystore.testcases.HomePageTest" name="@AfterMethod tearDown" time="-1.658257994291E9">
    <skipped/>
  </testcase> <!-- @AfterMethod tearDown -->
  <testcase classname="com.mystore.testcases.HomePageTest" name="@BeforeMethod setUp" time="-1.658257994307E9">
    <skipped/>
  </testcase> <!-- @BeforeMethod setUp -->
  <testcase classname="com.mystore.testcases.HomePageTest" name="@AfterMethod tearDown" time="-1.658257994325E9">
    <skipped/>
  </testcase> <!-- @AfterMethod tearDown -->
  <testcase classname="com.mystore.testcases.HomePageTest" name="verifyWishList" time="0.0">
    <skipped/>
  </testcase> <!-- verifyWishList -->
  <testcase classname="com.mystore.testcases.HomePageTest" name="verifyOrderHistoryAndDetailsTest" time="0.0">
    <skipped/>
  </testcase> <!-- verifyOrderHistoryAndDetailsTest -->
</testsuite> <!-- Sanity_Test(failed)(failed) -->
